  main.cpp
  Shader.cpp
  正在生成代码...
main.obj : error LNK2019: 无法解析的外部符号 glewInit，函数 main 中引用了该符号
main.obj : error LNK2019: 无法解析的外部符号 glfwInit，函数 main 中引用了该符号
main.obj : error LNK2019: 无法解析的外部符号 glfwTerminate，函数 main 中引用了该符号
main.obj : error LNK2019: 无法解析的外部符号 glfwWindowHint，函数 main 中引用了该符号
main.obj : error LNK2019: 无法解析的外部符号 glfwCreateWindow，函数 main 中引用了该符号
main.obj : error LNK2019: 无法解析的外部符号 glfwWindowShouldClose，函数 main 中引用了该符号
main.obj : error LNK2019: 无法解析的外部符号 glfwSetWindowShouldClose，函数 "void __cdecl processInput(struct GLFWwindow *)" (?processInput@@YAXPEAUGLFWwindow@@@Z) 中引用了该符号
main.obj : error LNK2019: 无法解析的外部符号 glfwPollEvents，函数 main 中引用了该符号
main.obj : error LNK2019: 无法解析的外部符号 glfwGetKey，函数 "void __cdecl processInput(struct GLFWwindow *)" (?processInput@@YAXPEAUGLFWwindow@@@Z) 中引用了该符号
main.obj : error LNK2019: 无法解析的外部符号 glfwMakeContextCurrent，函数 main 中引用了该符号
main.obj : error LNK2019: 无法解析的外部符号 glfwSwapBuffers，函数 main 中引用了该符号
main.obj : error LNK2001: 无法解析的外部符号 __glewBindBuffer
main.obj : error LNK2001: 无法解析的外部符号 __glewBufferData
main.obj : error LNK2001: 无法解析的外部符号 __glewGenBuffers
main.obj : error LNK2001: 无法解析的外部符号 __glewEnableVertexAttribArray
main.obj : error LNK2001: 无法解析的外部符号 __glewVertexAttribPointer
main.obj : error LNK2001: 无法解析的外部符号 __glewBindVertexArray
main.obj : error LNK2001: 无法解析的外部符号 __glewGenVertexArrays
main.obj : error LNK2001: 无法解析的外部符号 glewExperimental
Shader.obj : error LNK2001: 无法解析的外部符号 __glewAttachShader
Shader.obj : error LNK2001: 无法解析的外部符号 __glewCompileShader
Shader.obj : error LNK2001: 无法解析的外部符号 __glewCreateProgram
Shader.obj : error LNK2001: 无法解析的外部符号 __glewCreateShader
Shader.obj : error LNK2001: 无法解析的外部符号 __glewDeleteShader
Shader.obj : error LNK2001: 无法解析的外部符号 __glewLinkProgram
Shader.obj : error LNK2001: 无法解析的外部符号 __glewShaderSource
Shader.obj : error LNK2001: 无法解析的外部符号 __glewUseProgram
G:\OpenGL\glfw-3.4.bin.WIN32\lib-vc2022\glfw3.lib : warning LNK4272: 库计算机类型“x86”与目标计算机类型“x64”冲突
G:\OpenGL\glew-2.1.0\lib\Release\Win32\glew32s.lib : warning LNK4272: 库计算机类型“x86”与目标计算机类型“x64”冲突
G:\OpenGL\CPP\OpenGLExcercise01\x64\Debug\OpenGLExcercise01.exe : fatal error LNK1120: 27 个无法解析的外部命令
